[debug] [2024-04-08T18:38:27.043Z] ----------------------------------------------------------------------
[debug] [2024-04-08T18:38:27.046Z] Command:       C:\Program Files\nodejs\node.exe C:\Users\Joan\AppData\Roaming\npm\node_modules\firebase-tools\lib\bin\firebase.js init
[debug] [2024-04-08T18:38:27.046Z] CLI Version:   13.7.1
[debug] [2024-04-08T18:38:27.046Z] Platform:      win32
[debug] [2024-04-08T18:38:27.047Z] Node Version:  v18.18.2
[debug] [2024-04-08T18:38:27.048Z] Time:          Mon Apr 08 2024 20:38:27 GMT+0200 (hora de verano de Europa central)
[debug] [2024-04-08T18:38:27.048Z] ----------------------------------------------------------------------
[debug] 
[debug] [2024-04-08T18:38:27.057Z] > command requires scopes: ["email","openid","https://www.googleapis.com/auth/cloudplatformprojects.readonly","https://www.googleapis.com/auth/firebase","https://www.googleapis.com/auth/cloud-platform"]
[debug] [2024-04-08T18:38:27.058Z] > authorizing via signed-in user (al386161@uji.es)
[info] 
     ######## #### ########  ######## ########     ###     ######  ########
     ##        ##  ##     ## ##       ##     ##  ##   ##  ##       ##
     ######    ##  ########  ######   ########  #########  ######  ######
     ##        ##  ##    ##  ##       ##     ## ##     ##       ## ##
     ##       #### ##     ## ######## ########  ##     ##  ######  ########

You're about to initialize a Firebase project in this directory:

  D:\Joan\Documents\GitHub\App Movilidad\app-movilidad-frontend

[info] 
=== Project Setup
[info] 
[info] First, let's associate this project directory with a Firebase project.
[info] You can create multiple project aliases by running firebase use --add, 
[info] but for now we'll just set up a default project.
[info] 
[info] i  If you want to create a project in a Google Cloud organization or folder, please use "firebase projects:create" instead, and return to this command when you've created the project. 
[debug] [2024-04-08T18:39:20.217Z] >>> [apiv2][query] POST https://cloudresourcemanager.googleapis.com/v1/projects [none]
[debug] [2024-04-08T18:39:20.217Z] >>> [apiv2][body] POST https://cloudresourcemanager.googleapis.com/v1/projects {"projectId":"app","name":"movilidad"}
[debug] [2024-04-08T18:39:21.129Z] <<< [apiv2][status] POST https://cloudresourcemanager.googleapis.com/v1/projects 400
[debug] [2024-04-08T18:39:21.129Z] <<< [apiv2][body] POST https://cloudresourcemanager.googleapis.com/v1/projects {"error":{"code":400,"message":"field [project_id] has issue [project_id must be at least 6 characters long]","status":"INVALID_ARGUMENT","details":[{"@type":"type.googleapis.com/google.rpc.BadRequest","fieldViolations":[{"field":"project_id","description":"project_id must be at least 6 characters long"}]},{"@type":"type.googleapis.com/google.rpc.Help","links":[{"url":"https://cloud.google.com/resource-manager/reference/rest/v1/projects"}]}]}}
[debug] [2024-04-08T18:39:21.238Z] FirebaseError: HTTP Error: 400, field [project_id] has issue [project_id must be at least 6 characters long]
    at responseToError (C:\Users\Joan\AppData\Roaming\npm\node_modules\firebase-tools\lib\responseToError.js:49:12)
    at RetryOperation._fn (C:\Users\Joan\AppData\Roaming\npm\node_modules\firebase-tools\lib\apiv2.js:299:77)
    at process.processTicksAndRejections (node:internal/process/task_queues:95:5)
[error] 
[error] Error: Failed to create project. See firebase-debug.log for more info.
